# JRE version: OpenJDK Runtime Environment (20.0.1+9) (build 20.0.1+9-29)
# Java VM: OpenJDK 64-Bit Server VM (20.0.1+9-29, mixed mode, sharing, tiered, compressed oops, compressed class ptrs, g1 gc, windows-amd64)
GC Precious Log:
 CardTable entry size: 512
 Card Set container configuration: InlinePtr #cards 5 size 8 Array Of Cards #cards 12 size 40 Howl #buckets 4 coarsen threshold 1843 Howl Bitmap #cards 512 size 80 coarsen threshold 460 Card regions per heap region 1 cards per card region 2048
 CPUs: 4 total, 4 available
 Memory: 3994M
 Large Page Support: Disabled
 NUMA Support: Disabled
 Compressed Oops: Enabled (32-bit)
 Heap Region Size: 1M
 Heap Min Capacity: 8M
 Heap Initial Capacity: 64M
 Heap Max Capacity: 1000M
 Pre-touch: Disabled
 Parallel Workers: 4
 Concurrent Workers: 1
 Concurrent Refinement Workers: 4
 Periodic GC: Disabled
Heap:
 garbage-first heap   total 528384K, used 219648K [0x00000000c1800000, 0x0000000100000000)
  region size 1024K, 4 young (4096K), 4 survivors (4096K)
 Metaspace       used 7403K, committed 7680K, reserved 1114112K
  class space    used 803K, committed 960K, reserved 1048576K
GC Heap History (20 events):
Event: 13.596 GC heap after
{Heap after GC invocations=5 (full 0):
 garbage-first heap   total 65536K, used 46592K [0x00000000c1800000, 0x0000000100000000)
  region size 1024K, 2 young (2048K), 2 survivors (2048K)
 Metaspace       used 7078K, committed 7296K, reserved 1114112K
  class space    used 759K, committed 896K, reserved 1048576K
}
Event: 13.637 GC heap before
{Heap before GC invocations=5 (full 0):
 garbage-first heap   total 65536K, used 50688K [0x00000000c1800000, 0x0000000100000000)
  region size 1024K, 6 young (6144K), 2 survivors (2048K)
 Metaspace       used 7084K, committed 7296K, reserved 1114112K
  class space    used 759K, committed 896K, reserved 1048576K
}
Event: 13.711 GC heap after
{Heap after GC invocations=6 (full 0):
 garbage-first heap   total 196608K, used 51635K [0x00000000c1800000, 0x0000000100000000)
  region size 1024K, 1 young (1024K), 1 survivors (1024K)
 Metaspace       used 7084K, committed 7296K, reserved 1114112K
  class space    used 759K, committed 896K, reserved 1048576K
}
Event: 13.933 GC heap before
{Heap before GC invocations=6 (full 0):
 garbage-first heap   total 196608K, used 68019K [0x00000000c1800000, 0x0000000100000000)
  region size 1024K, 17 young (17408K), 1 survivors (1024K)
 Metaspace       used 7124K, committed 7360K, reserved 1114112K
  class space    used 764K, committed 896K, reserved 1048576K
}
Event: 14.109 GC heap after
{Heap after GC invocations=7 (full 0):
 garbage-first heap   total 196608K, used 68608K [0x00000000c1800000, 0x0000000100000000)
  region size 1024K, 3 young (3072K), 3 survivors (3072K)
 Metaspace       used 7124K, committed 7360K, reserved 1114112K
  class space    used 764K, committed 896K, reserved 1048576K
}
Event: 14.220 GC heap before
{Heap before GC invocations=7 (full 0):
 garbage-first heap   total 196608K, used 82944K [0x00000000c1800000, 0x0000000100000000)
  region size 1024K, 17 young (17408K), 3 survivors (3072K)
 Metaspace       used 7251K, committed 7488K, reserved 1114112K
  class space    used 777K, committed 896K, reserved 1048576K
}
Event: 14.420 GC heap after
{Heap after GC invocations=8 (full 0):
 garbage-first heap   total 196608K, used 82944K [0x00000000c1800000, 0x0000000100000000)
  region size 1024K, 3 young (3072K), 3 survivors (3072K)
 Metaspace       used 7251K, committed 7488K, reserved 1114112K
  class space    used 777K, committed 896K, reserved 1048576K
}
Event: 14.785 GC heap before
{Heap before GC invocations=8 (full 0):
 garbage-first heap   total 196608K, used 98304K [0x00000000c1800000, 0x0000000100000000)
  region size 1024K, 18 young (18432K), 3 survivors (3072K)
 Metaspace       used 7264K, committed 7488K, reserved 1114112K
  class space    used 779K, committed 896K, reserved 1048576K
}
Event: 14.991 GC heap after
{Heap after GC invocations=9 (full 0):
 garbage-first heap   total 196608K, used 99840K [0x00000000c1800000, 0x0000000100000000)
  region size 1024K, 3 young (3072K), 3 survivors (3072K)
 Metaspace       used 7264K, committed 7488K, reserved 1114112K
  class space    used 779K, committed 896K, reserved 1048576K
}
Event: 15.037 GC heap before
{Heap before GC invocations=9 (full 0):
 garbage-first heap   total 196608K, used 105984K [0x00000000c1800000, 0x0000000100000000)
  region size 1024K, 9 young (9216K), 3 survivors (3072K)
 Metaspace       used 7296K, committed 7488K, reserved 1114112K
  class space    used 788K, committed 896K, reserved 1048576K
}
Event: 17.122 GC heap after
{Heap after GC invocations=10 (full 0):
 garbage-first heap   total 528384K, used 107008K [0x00000000c1800000, 0x0000000100000000)
  region size 1024K, 2 young (2048K), 2 survivors (2048K)
 Metaspace       used 7296K, committed 7488K, reserved 1114112K
  class space    used 788K, committed 896K, reserved 1048576K
}
Event: 17.320 GC heap before
{Heap before GC invocations=11 (full 0):
 garbage-first heap   total 528384K, used 130560K [0x00000000c1800000, 0x0000000100000000)
  region size 1024K, 25 young (25600K), 2 survivors (2048K)
 Metaspace       used 7393K, committed 7680K, reserved 1114112K
  class space    used 802K, committed 960K, reserved 1048576K
}
Event: 17.612 GC heap after
{Heap after GC invocations=12 (full 0):
 garbage-first heap   total 528384K, used 131072K [0x00000000c1800000, 0x0000000100000000)
  region size 1024K, 4 young (4096K), 4 survivors (4096K)
 Metaspace       used 7393K, committed 7680K, reserved 1114112K
  class space    used 802K, committed 960K, reserved 1048576K
}
Event: 17.661 GC heap before
{Heap before GC invocations=12 (full 0):
 garbage-first heap   total 528384K, used 152576K [0x00000000c1800000, 0x0000000100000000)
  region size 1024K, 25 young (25600K), 4 survivors (4096K)
 Metaspace       used 7393K, committed 7680K, reserved 1114112K
  class space    used 802K, committed 960K, reserved 1048576K
}
Event: 17.952 GC heap after
{Heap after GC invocations=13 (full 0):
 garbage-first heap   total 528384K, used 152576K [0x00000000c1800000, 0x0000000100000000)
  region size 1024K, 4 young (4096K), 4 survivors (4096K)
 Metaspace       used 7393K, committed 7680K, reserved 1114112K
  class space    used 802K, committed 960K, reserved 1048576K
}
Event: 17.997 GC heap before
{Heap before GC invocations=13 (full 0):
 garbage-first heap   total 528384K, used 174080K [0x00000000c1800000, 0x0000000100000000)
  region size 1024K, 25 young (25600K), 4 survivors (4096K)
 Metaspace       used 7393K, committed 7680K, reserved 1114112K
  class space    used 802K, committed 960K, reserved 1048576K
}
Event: 18.292 GC heap after
{Heap after GC invocations=14 (full 0):
 garbage-first heap   total 528384K, used 175104K [0x00000000c1800000, 0x0000000100000000)
  region size 1024K, 4 young (4096K), 4 survivors (4096K)
 Metaspace       used 7393K, committed 7680K, reserved 1114112K
  class space    used 802K, committed 960K, reserved 1048576K
}
Event: 18.338 GC heap before
{Heap before GC invocations=14 (full 0):
 garbage-first heap   total 528384K, used 196608K [0x00000000c1800000, 0x0000000100000000)
  region size 1024K, 25 young (25600K), 4 survivors (4096K)
 Metaspace       used 7397K, committed 7680K, reserved 1114112K
  class space    used 803K, committed 960K, reserved 1048576K
}
Event: 18.640 GC heap after
{Heap after GC invocations=15 (full 0):
 garbage-first heap   total 528384K, used 197632K [0x00000000c1800000, 0x0000000100000000)
  region size 1024K, 4 young (4096K), 4 survivors (4096K)
 Metaspace       used 7397K, committed 7680K, reserved 1114112K
  class space    used 803K, committed 960K, reserved 1048576K
}
Event: 18.699 GC heap before
{Heap before GC invocations=15 (full 0):
 garbage-first heap   total 528384K, used 219136K [0x00000000c1800000, 0x0000000100000000)
  region size 1024K, 25 young (25600K), 4 survivors (4096K)
 Metaspace       used 7403K, committed 7680K, reserved 1114112K
  class space    used 803K, committed 960K, reserved 1048576K
}

